Build started 15.01.2016 19:47:08.
     1>Project "C:\Users\Dima\Google Диск\Projects\C++\sw\sw\sw.vcxproj" on node 2 (Build target(s)).
     1>ClCompile:
         C:\Program Files (x86)\Microsoft Visual Studio 14.0\VC\bin\x86_amd64\CL.exe /c /I"C:\Users\Dima\Google Диск\Projects\C++\sw\include" /ZI /nologo /W3 /WX- /sdl /Od /D _MBCS /Gm /EHsc /RTC1 /MDd /GS /fp:precise /Zc:wchar_t /Zc:forScope /Zc:inline /Fo"x64\Debug\\" /Fd"x64\Debug\vc140.pdb" /Gd /TP /errorReport:prompt src\sw\Property.cpp
         Property.cpp
       Link:
         C:\Program Files (x86)\Microsoft Visual Studio 14.0\VC\bin\x86_amd64\link.exe /ERRORREPORT:PROMPT /OUT:"C:\Users\Dima\Google Диск\Projects\C++\sw\x64\Debug\sw.exe" /INCREMENTAL /NOLOGO /LIBPATH:"C:\Users\Dima\Google Диск\Projects\C++\sw\lib" opengl32.lib glu32.lib glfw3.lib glew32.lib kernel32.lib user32.lib gdi32.lib winspool.lib comdlg32.lib advapi32.lib shell32.lib ole32.lib oleaut32.lib uuid.lib odbc32.lib odbccp32.lib /MANIFEST /MANIFESTUAC:"level='asInvoker' uiAccess='false'" /manifest:embed /Debug /PDB:"C:\Users\Dima\Google Диск\Projects\C++\sw\x64\Debug\sw.pdb" /TLBID:1 /DYNAMICBASE /NXCOMPAT /IMPLIB:"C:\Users\Dima\Google Диск\Projects\C++\sw\x64\Debug\sw.lib" /MACHINE:X64 x64\Debug\Dispatcher.obj
         x64\Debug\Property.obj
         x64\Debug\Task.obj
         x64\Debug\Application.obj
         x64\Debug\main.obj
         x64\Debug\Bitmap.obj
         x64\Debug\Rect.obj
         x64\Debug\Window.obj
     1>LINK : warning LNK4098: defaultlib 'MSVCRT' conflicts with use of other libs; use /NODEFAULTLIB:library
     1>main.obj : error LNK2019: unresolved external symbol "public: __cdecl sw::Property<int>::Property<int>(int const &)" (??0?$Property@H@sw@@QEAA@AEBH@Z) referenced in function "public: __cdecl A::A(void)" (??0A@@QEAA@XZ)
     1>main.obj : error LNK2019: unresolved external symbol "public: void __cdecl sw::Property<int>::operator=(int const &)" (??4?$Property@H@sw@@QEAAXAEBH@Z) referenced in function main
     1>C:\Users\Dima\Google Диск\Projects\C++\sw\x64\Debug\sw.exe : fatal error LNK1120: 2 unresolved externals
     1>Done Building Project "C:\Users\Dima\Google Диск\Projects\C++\sw\sw\sw.vcxproj" (Build target(s)) -- FAILED.

Build FAILED.

Time Elapsed 00:00:02.78
